<?xml version="1.0" encoding="UTF-8"?>
<!-- Generated by org.testng.reporters.JUnitXMLReporter -->
<testsuite ignored="0" hostname="LAPTOP-NIRBPM1U" failures="0" tests="12" name="Answer digital website Test Cases" time="204.196" errors="0" timestamp="2021-07-10T02:12:55 BST">
  <testcase classname="com.answerdigital.qa.testcases.HomePageTest" name="HomePageTitleTest" time="0.026"/>
  <testcase classname="com.answerdigital.qa.testcases.HomePageTest" name="AnswerDigitalLogoImageTest" time="0.071"/>
  <testcase classname="com.answerdigital.qa.testcases.HomePageTest" name="VerifyOurServicesLinkTest" time="1.744"/>
  <testcase classname="com.answerdigital.qa.testcases.HomePageTest" name="VerifyOurWorkLinkTest" time="2.469"/>
  <testcase classname="com.answerdigital.qa.testcases.HomePageTest" name="VerifyCareerLinkTest" time="2.241"/>
  <testcase classname="com.answerdigital.qa.testcases.HomePageTest" name="VerifyAcademyLinkTest" time="3.722"/>
  <testcase classname="com.answerdigital.qa.testcases.HomePageTest" name="VerifyAboutUsLinkTest" time="1.472"/>
  <testcase classname="com.answerdigital.qa.testcases.HomePageTest" name="VerifyInsightLinkTest" time="1.617"/>
  <testcase classname="com.answerdigital.qa.testcases.HomePageTest" name="VerifyContactUsLinkTest" time="1.541"/>
  <testcase classname="com.answerdigital.qa.testcases.CareersPageTest" name="CareersPageTitleTest" time="0.012"/>
  <testcase classname="com.answerdigital.qa.testcases.CareersPageTest" name="SearchJobLinkTest" time="11.872"/>
  <testcase classname="com.answerdigital.qa.testcases.JobApplyPageTest" name="ApplyJobLinkTest" time="5.551"/>
</testsuite> <!-- Answer digital website Test Cases -->
