<?xml version="1.0" encoding="UTF-8"?>
<!-- Generated by org.testng.reporters.JUnitXMLReporter -->
<testsuite ignored="0" hostname="LAPTOP-NIRBPM1U" failures="0" tests="9" name="Default test" time="135.093" errors="0" timestamp="2021-07-10T02:02:02 BST">
  <testcase classname="com.answerdigital.qa.testcases.HomePageTest" name="HomePageTitleTest" time="0.026"/>
  <testcase classname="com.answerdigital.qa.testcases.HomePageTest" name="AnswerDigitalLogoImageTest" time="0.073"/>
  <testcase classname="com.answerdigital.qa.testcases.HomePageTest" name="VerifyOurServicesLinkTest" time="1.719"/>
  <testcase classname="com.answerdigital.qa.testcases.HomePageTest" name="VerifyOurWorkLinkTest" time="1.203"/>
  <testcase classname="com.answerdigital.qa.testcases.HomePageTest" name="VerifyCareerLinkTest" time="1.894"/>
  <testcase classname="com.answerdigital.qa.testcases.HomePageTest" name="VerifyAcademyLinkTest" time="4.524"/>
  <testcase classname="com.answerdigital.qa.testcases.HomePageTest" name="VerifyAboutUsLinkTest" time="1.162"/>
  <testcase classname="com.answerdigital.qa.testcases.HomePageTest" name="VerifyInsightLinkTest" time="0.885"/>
  <testcase classname="com.answerdigital.qa.testcases.HomePageTest" name="VerifyContactUsLinkTest" time="1.317"/>
</testsuite> <!-- Default test -->
