<?xml version="1.0" encoding="UTF-8"?>
<testng-results ignored="0" total="12" passed="12" failed="0" skipped="0">
  <reporter-output>
  </reporter-output>
  <suite started-at="2021-07-10T02:09:31 BST" name="Answer Digital Website Test Automation Suite" finished-at="2021-07-10T02:12:55 BST" duration-ms="204196">
    <groups>
    </groups>
    <test started-at="2021-07-10T02:09:31 BST" name="Answer digital website Test Cases" finished-at="2021-07-10T02:12:55 BST" duration-ms="204196">
      <class name="com.answerdigital.qa.testcases.JobApplyPageTest">
        <test-method is-config="true" signature="setUp()[pri:0, instance:com.answerdigital.qa.testcases.JobApplyPageTest@53aac487]" started-at="2021-07-10T02:12:32 BST" name="setUp" finished-at="2021-07-10T02:12:49 BST" duration-ms="17618" status="PASS">
          <reporter-output>
          </reporter-output>
        </test-method> <!-- setUp -->
        <test-method signature="ApplyJobLinkTest()[pri:0, instance:com.answerdigital.qa.testcases.JobApplyPageTest@53aac487]" started-at="2021-07-10T02:12:49 BST" name="ApplyJobLinkTest" finished-at="2021-07-10T02:12:55 BST" duration-ms="5551" status="PASS">
          <reporter-output>
          </reporter-output>
        </test-method> <!-- ApplyJobLinkTest -->
        <test-method is-config="true" signature="tearDown()[pri:0, instance:com.answerdigital.qa.testcases.JobApplyPageTest@53aac487]" started-at="2021-07-10T02:12:55 BST" name="tearDown" finished-at="2021-07-10T02:12:55 BST" duration-ms="272" status="PASS">
          <reporter-output>
          </reporter-output>
        </test-method> <!-- tearDown -->
      </class> <!-- com.answerdigital.qa.testcases.JobApplyPageTest -->
      <class name="com.answerdigital.qa.testcases.HomePageTest">
        <test-method is-config="true" signature="setUp()[pri:0, instance:com.answerdigital.qa.testcases.HomePageTest@1de76cc7]" started-at="2021-07-10T02:09:31 BST" name="setUp" finished-at="2021-07-10T02:09:49 BST" duration-ms="17772" status="PASS">
          <reporter-output>
          </reporter-output>
        </test-method> <!-- setUp -->
        <test-method signature="HomePageTitleTest()[pri:1, instance:com.answerdigital.qa.testcases.HomePageTest@1de76cc7]" started-at="2021-07-10T02:09:49 BST" name="HomePageTitleTest" finished-at="2021-07-10T02:09:49 BST" duration-ms="26" status="PASS">
          <reporter-output>
          </reporter-output>
        </test-method> <!-- HomePageTitleTest -->
        <test-method is-config="true" signature="tearDown()[pri:0, instance:com.answerdigital.qa.testcases.HomePageTest@1de76cc7]" started-at="2021-07-10T02:09:49 BST" name="tearDown" finished-at="2021-07-10T02:09:49 BST" duration-ms="267" status="PASS">
          <reporter-output>
          </reporter-output>
        </test-method> <!-- tearDown -->
        <test-method is-config="true" signature="setUp()[pri:0, instance:com.answerdigital.qa.testcases.HomePageTest@1de76cc7]" started-at="2021-07-10T02:09:49 BST" name="setUp" finished-at="2021-07-10T02:10:01 BST" duration-ms="12476" status="PASS">
          <reporter-output>
          </reporter-output>
        </test-method> <!-- setUp -->
        <test-method signature="AnswerDigitalLogoImageTest()[pri:2, instance:com.answerdigital.qa.testcases.HomePageTest@1de76cc7]" started-at="2021-07-10T02:10:01 BST" name="AnswerDigitalLogoImageTest" finished-at="2021-07-10T02:10:02 BST" duration-ms="71" status="PASS">
          <reporter-output>
          </reporter-output>
        </test-method> <!-- AnswerDigitalLogoImageTest -->
        <test-method is-config="true" signature="tearDown()[pri:0, instance:com.answerdigital.qa.testcases.HomePageTest@1de76cc7]" started-at="2021-07-10T02:10:02 BST" name="tearDown" finished-at="2021-07-10T02:10:02 BST" duration-ms="247" status="PASS">
          <reporter-output>
          </reporter-output>
        </test-method> <!-- tearDown -->
        <test-method is-config="true" signature="setUp()[pri:0, instance:com.answerdigital.qa.testcases.HomePageTest@1de76cc7]" started-at="2021-07-10T02:10:02 BST" name="setUp" finished-at="2021-07-10T02:10:15 BST" duration-ms="12871" status="PASS">
          <reporter-output>
          </reporter-output>
        </test-method> <!-- setUp -->
        <test-method signature="VerifyOurServicesLinkTest()[pri:3, instance:com.answerdigital.qa.testcases.HomePageTest@1de76cc7]" started-at="2021-07-10T02:10:15 BST" name="VerifyOurServicesLinkTest" finished-at="2021-07-10T02:10:16 BST" duration-ms="1744" status="PASS">
          <reporter-output>
          </reporter-output>
        </test-method> <!-- VerifyOurServicesLinkTest -->
        <test-method is-config="true" signature="tearDown()[pri:0, instance:com.answerdigital.qa.testcases.HomePageTest@1de76cc7]" started-at="2021-07-10T02:10:16 BST" name="tearDown" finished-at="2021-07-10T02:10:17 BST" duration-ms="239" status="PASS">
          <reporter-output>
          </reporter-output>
        </test-method> <!-- tearDown -->
        <test-method is-config="true" signature="setUp()[pri:0, instance:com.answerdigital.qa.testcases.HomePageTest@1de76cc7]" started-at="2021-07-10T02:10:17 BST" name="setUp" finished-at="2021-07-10T02:10:29 BST" duration-ms="12851" status="PASS">
          <reporter-output>
          </reporter-output>
        </test-method> <!-- setUp -->
        <test-method signature="VerifyOurWorkLinkTest()[pri:4, instance:com.answerdigital.qa.testcases.HomePageTest@1de76cc7]" started-at="2021-07-10T02:10:29 BST" name="VerifyOurWorkLinkTest" finished-at="2021-07-10T02:10:32 BST" duration-ms="2469" status="PASS">
          <reporter-output>
          </reporter-output>
        </test-method> <!-- VerifyOurWorkLinkTest -->
        <test-method is-config="true" signature="tearDown()[pri:0, instance:com.answerdigital.qa.testcases.HomePageTest@1de76cc7]" started-at="2021-07-10T02:10:32 BST" name="tearDown" finished-at="2021-07-10T02:10:32 BST" duration-ms="245" status="PASS">
          <reporter-output>
          </reporter-output>
        </test-method> <!-- tearDown -->
        <test-method is-config="true" signature="setUp()[pri:0, instance:com.answerdigital.qa.testcases.HomePageTest@1de76cc7]" started-at="2021-07-10T02:10:32 BST" name="setUp" finished-at="2021-07-10T02:10:45 BST" duration-ms="12680" status="PASS">
          <reporter-output>
          </reporter-output>
        </test-method> <!-- setUp -->
        <test-method signature="VerifyCareerLinkTest()[pri:5, instance:com.answerdigital.qa.testcases.HomePageTest@1de76cc7]" started-at="2021-07-10T02:10:45 BST" name="VerifyCareerLinkTest" finished-at="2021-07-10T02:10:47 BST" duration-ms="2241" status="PASS">
          <reporter-output>
          </reporter-output>
        </test-method> <!-- VerifyCareerLinkTest -->
        <test-method is-config="true" signature="tearDown()[pri:0, instance:com.answerdigital.qa.testcases.HomePageTest@1de76cc7]" started-at="2021-07-10T02:10:47 BST" name="tearDown" finished-at="2021-07-10T02:10:47 BST" duration-ms="265" status="PASS">
          <reporter-output>
          </reporter-output>
        </test-method> <!-- tearDown -->
        <test-method is-config="true" signature="setUp()[pri:0, instance:com.answerdigital.qa.testcases.HomePageTest@1de76cc7]" started-at="2021-07-10T02:10:47 BST" name="setUp" finished-at="2021-07-10T02:11:01 BST" duration-ms="13336" status="PASS">
          <reporter-output>
          </reporter-output>
        </test-method> <!-- setUp -->
        <test-method signature="VerifyAcademyLinkTest()[pri:6, instance:com.answerdigital.qa.testcases.HomePageTest@1de76cc7]" started-at="2021-07-10T02:11:01 BST" name="VerifyAcademyLinkTest" finished-at="2021-07-10T02:11:04 BST" duration-ms="3722" status="PASS">
          <reporter-output>
          </reporter-output>
        </test-method> <!-- VerifyAcademyLinkTest -->
        <test-method is-config="true" signature="tearDown()[pri:0, instance:com.answerdigital.qa.testcases.HomePageTest@1de76cc7]" started-at="2021-07-10T02:11:04 BST" name="tearDown" finished-at="2021-07-10T02:11:05 BST" duration-ms="247" status="PASS">
          <reporter-output>
          </reporter-output>
        </test-method> <!-- tearDown -->
        <test-method is-config="true" signature="setUp()[pri:0, instance:com.answerdigital.qa.testcases.HomePageTest@1de76cc7]" started-at="2021-07-10T02:11:05 BST" name="setUp" finished-at="2021-07-10T02:11:17 BST" duration-ms="12677" status="PASS">
          <reporter-output>
          </reporter-output>
        </test-method> <!-- setUp -->
        <test-method signature="VerifyAboutUsLinkTest()[pri:7, instance:com.answerdigital.qa.testcases.HomePageTest@1de76cc7]" started-at="2021-07-10T02:11:17 BST" name="VerifyAboutUsLinkTest" finished-at="2021-07-10T02:11:19 BST" duration-ms="1472" status="PASS">
          <reporter-output>
          </reporter-output>
        </test-method> <!-- VerifyAboutUsLinkTest -->
        <test-method is-config="true" signature="tearDown()[pri:0, instance:com.answerdigital.qa.testcases.HomePageTest@1de76cc7]" started-at="2021-07-10T02:11:19 BST" name="tearDown" finished-at="2021-07-10T02:11:19 BST" duration-ms="275" status="PASS">
          <reporter-output>
          </reporter-output>
        </test-method> <!-- tearDown -->
        <test-method is-config="true" signature="setUp()[pri:0, instance:com.answerdigital.qa.testcases.HomePageTest@1de76cc7]" started-at="2021-07-10T02:11:19 BST" name="setUp" finished-at="2021-07-10T02:11:32 BST" duration-ms="12936" status="PASS">
          <reporter-output>
          </reporter-output>
        </test-method> <!-- setUp -->
        <test-method signature="VerifyInsightLinkTest()[pri:8, instance:com.answerdigital.qa.testcases.HomePageTest@1de76cc7]" started-at="2021-07-10T02:11:32 BST" name="VerifyInsightLinkTest" finished-at="2021-07-10T02:11:34 BST" duration-ms="1617" status="PASS">
          <reporter-output>
          </reporter-output>
        </test-method> <!-- VerifyInsightLinkTest -->
        <test-method is-config="true" signature="tearDown()[pri:0, instance:com.answerdigital.qa.testcases.HomePageTest@1de76cc7]" started-at="2021-07-10T02:11:34 BST" name="tearDown" finished-at="2021-07-10T02:11:34 BST" duration-ms="242" status="PASS">
          <reporter-output>
          </reporter-output>
        </test-method> <!-- tearDown -->
        <test-method is-config="true" signature="setUp()[pri:0, instance:com.answerdigital.qa.testcases.HomePageTest@1de76cc7]" started-at="2021-07-10T02:11:34 BST" name="setUp" finished-at="2021-07-10T02:11:47 BST" duration-ms="13440" status="PASS">
          <reporter-output>
          </reporter-output>
        </test-method> <!-- setUp -->
        <test-method signature="VerifyContactUsLinkTest()[pri:9, instance:com.answerdigital.qa.testcases.HomePageTest@1de76cc7]" started-at="2021-07-10T02:11:47 BST" name="VerifyContactUsLinkTest" finished-at="2021-07-10T02:11:49 BST" duration-ms="1541" status="PASS">
          <reporter-output>
          </reporter-output>
        </test-method> <!-- VerifyContactUsLinkTest -->
        <test-method is-config="true" signature="tearDown()[pri:0, instance:com.answerdigital.qa.testcases.HomePageTest@1de76cc7]" started-at="2021-07-10T02:11:49 BST" name="tearDown" finished-at="2021-07-10T02:11:49 BST" duration-ms="282" status="PASS">
          <reporter-output>
          </reporter-output>
        </test-method> <!-- tearDown -->
      </class> <!-- com.answerdigital.qa.testcases.HomePageTest -->
      <class name="com.answerdigital.qa.testcases.CareersPageTest">
        <test-method is-config="true" signature="setUp()[pri:0, instance:com.answerdigital.qa.testcases.CareersPageTest@54e1c68b]" started-at="2021-07-10T02:11:49 BST" name="setUp" finished-at="2021-07-10T02:12:05 BST" duration-ms="15408" status="PASS">
          <reporter-output>
          </reporter-output>
        </test-method> <!-- setUp -->
        <test-method signature="CareersPageTitleTest()[pri:1, instance:com.answerdigital.qa.testcases.CareersPageTest@54e1c68b]" started-at="2021-07-10T02:12:05 BST" name="CareersPageTitleTest" finished-at="2021-07-10T02:12:05 BST" duration-ms="12" status="PASS">
          <reporter-output>
          </reporter-output>
        </test-method> <!-- CareersPageTitleTest -->
        <test-method is-config="true" signature="tearDown()[pri:0, instance:com.answerdigital.qa.testcases.CareersPageTest@54e1c68b]" started-at="2021-07-10T02:12:05 BST" name="tearDown" finished-at="2021-07-10T02:12:05 BST" duration-ms="174" status="PASS">
          <reporter-output>
          </reporter-output>
        </test-method> <!-- tearDown -->
        <test-method is-config="true" signature="setUp()[pri:0, instance:com.answerdigital.qa.testcases.CareersPageTest@54e1c68b]" started-at="2021-07-10T02:12:05 BST" name="setUp" finished-at="2021-07-10T02:12:20 BST" duration-ms="14702" status="PASS">
          <reporter-output>
          </reporter-output>
        </test-method> <!-- setUp -->
        <test-method signature="SearchJobLinkTest()[pri:2, instance:com.answerdigital.qa.testcases.CareersPageTest@54e1c68b]" started-at="2021-07-10T02:12:20 BST" name="SearchJobLinkTest" finished-at="2021-07-10T02:12:31 BST" duration-ms="11872" status="PASS">
          <reporter-output>
          </reporter-output>
        </test-method> <!-- SearchJobLinkTest -->
        <test-method is-config="true" signature="tearDown()[pri:0, instance:com.answerdigital.qa.testcases.CareersPageTest@54e1c68b]" started-at="2021-07-10T02:12:31 BST" name="tearDown" finished-at="2021-07-10T02:12:32 BST" duration-ms="246" status="PASS">
          <reporter-output>
          </reporter-output>
        </test-method> <!-- tearDown -->
      </class> <!-- com.answerdigital.qa.testcases.CareersPageTest -->
    </test> <!-- Answer digital website Test Cases -->
  </suite> <!-- Answer Digital Website Test Automation Suite -->
</testng-results>
